<?xml version="1.0" encoding="utf-8"?><testsuites><testsuite name="pytest" errors="1" failures="0" skipped="0" tests="1" time="0.306" timestamp="2026-04-27T02:07:47.263462" hostname="79f1f908401e"><testcase classname="" name="tests.test_property_codec" time="0.000"><error message="collection failure">ImportError while importing test module '/mnt/data/rc2_work/lumos/tests/test_property_codec.py'.
Hint: make sure your test modules/packages have valid Python names.
Traceback:
/usr/lib/python3.11/importlib/__init__.py:126: in import_module
    return _bootstrap._gcd_import(name[level:], package, level)
tests/test_property_codec.py:19: in &lt;module&gt;
    from hypothesis import given, settings, strategies as st, HealthCheck
E   ModuleNotFoundError: No module named 'hypothesis'</error></testcase></testsuite></testsuites>